<?xml version="1.0" encoding="UTF-8"?>
<testng-results skipped="0" failed="0" ignored="0" total="1" passed="1">
  <reporter-output>
  </reporter-output>
  <suite name="Default suite" duration-ms="7832" started-at="2021-06-01T22:17:18 IST" finished-at="2021-06-01T22:17:26 IST">
    <groups>
      <group name="cucumber">
        <method signature="AbstractTestNGCucumberTests.runScenario(io.cucumber.testng.PickleWrapper,io.cucumber.testng.FeatureWrapper)[pri:0, instance:cucumber.RunnerTest@42d8062c]" name="runScenario" class="io.cucumber.testng.AbstractTestNGCucumberTests"/>
      </group> <!-- cucumber -->
    </groups>
    <test name="Default test" duration-ms="7832" started-at="2021-06-01T22:17:18 IST" finished-at="2021-06-01T22:17:26 IST">
      <class name="cucumber.RunnerTest">
        <test-method status="PASS" signature="setUpClass()[pri:0, instance:cucumber.RunnerTest@42d8062c]" name="setUpClass" is-config="true" duration-ms="203" started-at="2021-06-01T22:17:18 IST" finished-at="2021-06-01T22:17:18 IST">
          <reporter-output>
          </reporter-output>
        </test-method> <!-- setUpClass -->
        <test-method status="PASS" signature="runScenario(io.cucumber.testng.PickleWrapper,io.cucumber.testng.FeatureWrapper)[pri:0, instance:cucumber.RunnerTest@42d8062c]" name="runScenario" duration-ms="7587" started-at="2021-06-01T22:17:18 IST" description="Runs Cucumber Scenarios" data-provider="scenarios" finished-at="2021-06-01T22:17:26 IST">
          <params>
            <param index="0">
              <value>
                <![CDATA["Validate the login feature"]]>
              </value>
            </param>
            <param index="1">
              <value>
                <![CDATA["Optional[ActiTime Login feature]"]]>
              </value>
            </param>
          </params>
          <reporter-output>
          </reporter-output>
        </test-method> <!-- runScenario -->
        <test-method status="PASS" signature="tearDownClass()[pri:0, instance:cucumber.RunnerTest@42d8062c]" name="tearDownClass" is-config="true" duration-ms="7" started-at="2021-06-01T22:17:26 IST" finished-at="2021-06-01T22:17:26 IST">
          <reporter-output>
          </reporter-output>
        </test-method> <!-- tearDownClass -->
      </class> <!-- cucumber.RunnerTest -->
    </test> <!-- Default test -->
  </suite> <!-- Default suite -->
</testng-results>
